0fc40a5d-939f-42c9-a4cf-88934755c92d  timestamp=1546094201.363996612s
15f5b2d8-40b3-4d77-8eab-2a00c1de0064 archive timestamp=1698960294.215428502s
16698aa3-cc7e-4c93-bcfb-d1807dc816f1  timestamp=1419875674.291522s
233f33cb-413b-47e2-838c-24e8dccf282a  timestamp=1529203841.608778158s
350362c4-1386-4017-ace1-8b5e8b9d027e  timestamp=1721249933.001258816s
379458f0-1ed3-4770-a8ee-4ec87b4ff03e  timestamp=1721249279.936309217s
43a13842-293a-475b-a081-765a43d07f70  timestamp=1470693031.652595s
455db2ae-1759-4982-a891-b0631981ff3f  timestamp=1762174804s
52d066ba-eb21-4854-af12-6081d7367dd9  timestamp=1425659197.025125s
556a82dd-1a5b-46cd-805b-d14e8f1e11df  timestamp=1762513770.226520593s
67d0a223-eed4-4698-8cda-f25768cf0493  timestamp=1470693039.059682s
6dde6d65-dff8-49b8-84ec-10190edd2b83  timestamp=1482897942.719144s
7078f057-8975-4b03-bdf9-d6ac50669414  timestamp=1762512159.978469158s
7b2029c9-3bd8-406c-b671-e7a8326b3930  timestamp=1577481066.009984524s
81d0e664-785c-4623-8547-b934e9487eaf  timestamp=1439579651.854897s
8655887e-e036-4d54-a136-f2c6778dc7c3  timestamp=1439579656.119144s
912f5cf2-a531-4b55-8b7e-4bd32ff61565 archive timestamp=1698960297.695586106s
9cefdeda-15ad-4bf3-962b-be56ad9abe70  timestamp=1762512170.81878924s
a89cf062-a058-45f0-8365-365c275b872a  timestamp=1470693054.292443s
adf9e71e-d566-4658-bec7-bf8cf7cab734 archive timestamp=1698960300.245296661s
ae6e42a4-1cc4-4a51-9bdd-52dca1034536 archive timestamp=1698960299.309400669s
aefbf65f-bc87-4228-8642-fdd856d8066f  timestamp=1394219034.216993s
cc21b807-8871-41c4-afed-57b73bc58c26  timestamp=1545925283.034682722s
d223f11f-1999-4ec4-894b-b4a19d75bf38 archive timestamp=1698960295.788551457s
dabac2d4-2a82-4ab0-bf30-26ab34b59336  timestamp=1439579636.202221s
dd5e486c-8bf5-486f-babf-8797bd75c27d  timestamp=1470693046.146241s
f30f94ee-d3e4-4da8-94ed-cc80fed30622  timestamp=1762512196.633850285s
f9e82508-217c-46f8-8b60-79303cf096f0  timestamp=1421362078.778721s
