00000000-0000-0000-0000-000000000001 0 timestamp=1419979922.928065s
00000000-0000-0000-0000-000000000002 0 timestamp=1419979927.139142s
0fc40a5d-939f-42c9-a4cf-88934755c92d X timestamp=1546094201.324092549s
16698aa3-cc7e-4c93-bcfb-d1807dc816f1 X timestamp=1419875674.287893s
233f33cb-413b-47e2-838c-24e8dccf282a X timestamp=1529203841.602591354s
43a13842-293a-475b-a081-765a43d07f70 X timestamp=1470693031.649023s
52d066ba-eb21-4854-af12-6081d7367dd9 X timestamp=1425659197.01781s
67d0a223-eed4-4698-8cda-f25768cf0493 X timestamp=1470693039.053437s
6dde6d65-dff8-49b8-84ec-10190edd2b83 X timestamp=1482897942.715738s
7b2029c9-3bd8-406c-b671-e7a8326b3930 X timestamp=1577481066.003933102s
81d0e664-785c-4623-8547-b934e9487eaf X timestamp=1439579651.851332s
8655887e-e036-4d54-a136-f2c6778dc7c3 X timestamp=1439579656.115463s
a89cf062-a058-45f0-8365-365c275b872a X timestamp=1470693054.28833s
aefbf65f-bc87-4228-8642-fdd856d8066f X timestamp=1394219034.191088s
cc21b807-8871-41c4-afed-57b73bc58c26 X timestamp=1545925283.000518079s
da9e2d89-9cab-4b6b-a0b0-473f50f91ae7 1 timestamp=1470693108.329352s
dabac2d4-2a82-4ab0-bf30-26ab34b59336 X timestamp=1439579636.1987s
dc29de23-a84c-4782-821d-b6c14540f623 1 timestamp=1420780890.630125s
dd5e486c-8bf5-486f-babf-8797bd75c27d X timestamp=1470693046.142125s
f9e82508-217c-46f8-8b60-79303cf096f0 X timestamp=1421362078.764838s
