00000000-0000-0000-0000-000000000001 web timestamp=1470693023.547694s
01e9a378-15bc-4be7-9ea8-ff5c6dbd7d0d netbook timestamp=1388689604.490521s
025f787a-9ef1-4ee9-81f9-b122cbeee4f8 joey@kite:~/lib/talks timestamp=1540989150.119057337s
02e587d6-7573-11e3-9596-001f3b596ec9 sunny256-ubstud timestamp=1388862258.28854s
0c863f03-a942-4c55-914d-7c86b3a9ea61 archive-8 timestamp=1416071573.872151s
0fc40a5d-939f-42c9-a4cf-88934755c92d joey@darkstar:~/tmp/conference_proceedings timestamp=1546008723.343285194s
14f9f339-0d31-4383-a40a-cd5b3ccca99e joey@darkstar:~/lib/talks timestamp=1404349537.858007s
15f5b2d8-40b3-4d77-8eab-2a00c1de0064 archive-10 timestamp=1427227813.413842s
16698aa3-cc7e-4c93-bcfb-d1807dc816f1 joey@darkstar:~/tmp/conference_proceedings timestamp=1412966640.294273s
21751ed8-7685-11e3-ac99-fefdb24f8e10 sunny256-linode timestamp=1388979991.689153s
233f33cb-413b-47e2-838c-24e8dccf282a joey@kite:~/lib/talks timestamp=1420003022.971453s
2a0ec134-23dc-45ea-8b18-024fe8213f0a Seeding repository timestamp=1388625853.023544s
43a13842-293a-475b-a081-765a43d07f70 joey@darkstar:~/tmp/conference_proceedings timestamp=1440183678.092286s
52d066ba-eb21-4854-af12-6081d7367dd9 archive-9 timestamp=1421542623.127798s
6485162f-15f0-4fe1-bc74-71dd4b459cea richih@eudyptes:/base/media/conference_proceedings timestamp=1388614413.022378s
67d0a223-eed4-4698-8cda-f25768cf0493 joey@darkstar:~/tmp/conference_proceedings timestamp=1458476570.359276s
6925a9c2-f407-4c70-b40b-75106c75af13 joey@darkstar:~/tmp/conference_proceedings timestamp=1603128331.406855054s
6dde6d65-dff8-49b8-84ec-10190edd2b83 joey@kite:~/tmp/conference_proceedings timestamp=1482897835.489666s
6dfb2319-5176-478b-938b-2c92e6c1dac0 joey@elephant:~/lib/talks timestamp=1451582627.630277s
79318ead-1eb6-4596-a117-f8b52cf81e74 cw@cobo:~/src/git/misc/conference_proceedings.fresh timestamp=1428041113.036515s
7b2029c9-3bd8-406c-b671-e7a8326b3930 joey@darkstar:~/tmp/conference_proceedings timestamp=1576697754.904823069s
80169644-bb9a-4158-9a1f-7d4a0e1223ba micah@muck:/srv/conference_proceedings timestamp=1389456067.401356s
81d0e664-785c-4623-8547-b934e9487eaf joey@darkstar:~/tmp/conference_proceedings timestamp=1439579390.512909s
8655887e-e036-4d54-a136-f2c6778dc7c3 joey@darkstar:~/tmp/conference_proceedings timestamp=1422645907.247692s
912f5cf2-a531-4b55-8b7e-4bd32ff61565 archive-12 timestamp=1534364404.017348839s
9540ef84-afe8-49b4-bb4e-12e7f2d47948 vuser@vps1:/tmp/conference/scratch timestamp=1419972576.176619s
9a25b8b2-e1c2-4241-904b-7607eab1172f joey@dragon:~/lib/talks timestamp=1490383614.537548694s
a89cf062-a058-45f0-8365-365c275b872a joey@darkstar:~/tmp/conference_proceedings timestamp=1459532214.664357s
aa6131a6-7f8c-42a0-a1e8-489d64b78dbc greg@x200s:~/annexes/conference_proceedings timestamp=1388620984.582837s
ae6e42a4-1cc4-4a51-9bdd-52dca1034536 archive-13 timestamp=1566596189.581080044s
aefbf65f-bc87-4228-8642-fdd856d8066f joey@wren:~/tmp/conference_proceedings timestamp=1394218691.821611s
b0353b9c-b86f-4c2e-936b-b7f0f4880c5a greg@x200s:~/src/project/conference_proceedings timestamp=1388811986.165934s
b1fccebd-cf8b-4c63-a249-124f7ccaaeb5 efraim@debian-netbook:~/conference_proceedings timestamp=1389691774.113676s
c5c9e57d-d3eb-4f9d-9d64-23d7b78fd862 joey@darkstar:/media/flash/talks timestamp=1483377398.767420782s
cc21b807-8871-41c4-afed-57b73bc58c26 joey@darkstar:~/tmp/conference_proceedings timestamp=1545925235.517032151s
ccc7eda4-e6b7-4ef0-952e-eee966a6d083 efraim@debian-netbook:~/workspace/conference_proceedings timestamp=1420468308.657413s
d0c14010-5224-11e1-a061-b3e849589c82 Seeding repository timestamp=1328685387.303832s
d223f11f-1999-4ec4-894b-b4a19d75bf38 archive-11 timestamp=1512323386.68272036s
da9e2d89-9cab-4b6b-a0b0-473f50f91ae7 3tb passport timestamp=1454279379.907441s
dabac2d4-2a82-4ab0-bf30-26ab34b59336 joey@darkstar:~/tmp/conference_proceedings timestamp=1428950990.586595s
dc29de23-a84c-4782-821d-b6c14540f623 1tb passport timestamp=1482899853.037794376s
dd5e486c-8bf5-486f-babf-8797bd75c27d joey@darkstar:~/tmp/conference_proceedings timestamp=1451316243.138308s
f9e82508-217c-46f8-8b60-79303cf096f0 joey@darkstar:~/tmp/conference_proceedings timestamp=1421168309.536797s
fa23a064-8f3b-4e14-9bd9-1fc2a6e83b38 joey@darkstar:~/lib/talks timestamp=1389892114.998169s
